00:00:00.004936 main     VirtualBox COM Server 7.0.4 r154605 win.amd64 (Nov 16 2022 15:33:13) release log
00:00:00.004938 main     Log opened 2023-01-10T08:09:09.048721000Z
00:00:00.004938 main     Build Type: release
00:00:00.004944 main     OS Product: Windows 11
00:00:00.004945 main     OS Release: 10.0.22621
00:00:00.004945 main     OS Service Pack: 
00:00:00.085952 main     DMI Product Name: TUF Gaming FX505DD_TUF505DD
00:00:00.101090 main     DMI Product Version: 1.0
00:00:00.101103 main     Firmware type: UEFI
00:00:00.101439 main     Secure Boot: VERR_PRIVILEGE_NOT_HELD
00:00:00.101460 main     Host RAM: 7616MB (7.4GB) total, 1443MB available
00:00:00.101463 main     Executable: C:\Program Files\Oracle\VirtualBox\VBoxSVC.exe
00:00:00.101464 main     Process ID: 46884
00:00:00.101465 main     Package type: WINDOWS_64BITS_GENERIC
00:00:00.240858          VirtualBox: object creation starts
00:00:00.241254          Home directory: 'C:\Users\33604\.VirtualBox'
00:00:00.241379          Installed Drivers:
00:00:00.244585            C:\WINDOWS\system32\DRIVERS\VBoxNetLwf.sys (Version: 7.0.4.4605)
00:00:00.245512            C:\WINDOWS\system32\DRIVERS\VBoxUSBMon.sys (Version: 7.0.4.4605)
00:00:00.246152            C:\WINDOWS\system32\DRIVERS\VBoxSup.sys (Version: 7.0.4.4605)
00:00:00.247120            C:\WINDOWS\system32\DRIVERS\VBoxNetAdp6.sys (Version: 7.0.4.4605)
00:00:00.251247          Loading settings file "C:\Users\33604\.VirtualBox\VirtualBox.xml" with version "1.12-windows"
00:00:00.253815          usbLibGetDevices: Starting USB device enumeration
00:00:00.254044          Getting USB descriptor (id 0) failed (dwErr=31) on hub USB#ROOT_HUB30#5&8beff0b&0&0#{f18a0e88-c30c-11d0-8815-00a0c906bed8} port 4
00:00:00.254265          Getting USB descriptor (id 0) failed (dwErr=31) on hub USB#ROOT_HUB30#5&212e9e7d&0&0#{f18a0e88-c30c-11d0-8815-00a0c906bed8} port 1
00:00:00.266005          usbLibGetDevices: Found 3 USB devices, 0 captured
00:00:00.266056          USB: Unknown USB device detected (idVendor: 0x0b05, idProduct: 0x181b)
00:00:00.266358          USB: Unknown USB device detected (idVendor: 0x13d3, idProduct: 0x3530)
00:00:00.266403          USB: Unknown USB device detected (idVendor: 0x13d3, idProduct: 0x56a2)
00:00:00.327591          HostDnsMonitor: initializing
00:00:00.338014          HostDnsMonitor: updating information
00:00:00.338057          HostDnsMonitor: old information
00:00:00.338057            no server entries
00:00:00.338058            no domain set
00:00:00.338059            no search string entries
00:00:00.338059          HostDnsMonitor: new information
00:00:00.338060            server 1: 8.8.8.8
00:00:00.338060            server 2: 8.8.4.4
00:00:00.338061            server 3: 1.1.1.1
00:00:00.338061            no domain set
00:00:00.338062            no search string entries
00:00:00.410586          VD: VDInit finished with VINF_SUCCESS
00:00:00.415015          Loading settings file "C:\Users\33604\VirtualBox VMs\web.linux.tp5\web.linux.tp5.vbox" with version "1.19-windows"
00:00:00.418117          Loading settings file "C:\Users\33604\VirtualBox VMs\db.linux.tp5\db.linux.tp5.vbox" with version "1.19-windows"
00:00:00.419932          Loading settings file "C:\Users\33604\VirtualBox VMs\VMorigin\VMorigin.vbox" with version "1.16-windows"
00:00:00.420655          VirtualBox: object created
00:00:00.502080          Saving settings file "C:\Users\33604\.VirtualBox\VirtualBox.xml" with version "1.12-windows"
00:00:00.508027          Finished saving settings file "C:\Users\33604\.VirtualBox\VirtualBox.xml"
00:00:00.508321          Saving settings file "C:\Users\33604\.VirtualBox\VirtualBox.xml" with version "1.12-windows"
00:00:00.512363          Finished saving settings file "C:\Users\33604\.VirtualBox\VirtualBox.xml"
00:00:00.512612          Saving settings file "C:\Users\33604\.VirtualBox\VirtualBox.xml" with version "1.12-windows"
00:00:00.516781          Finished saving settings file "C:\Users\33604\.VirtualBox\VirtualBox.xml"
00:00:01.824777          ERROR [COM]: aRC=VBOX_E_INVALID_VM_STATE (0x80bb0002) aIID={300763af-5d6b-46e6-aa96-273eac15538a} aComponent={MachineWrap} aText={The machine is not mutable (state is PoweredOff)}, preserve=false aResultDetail=0
00:03:07.913755          Launched VM: 655443856 pid: 80640 (0x13b00) frontend: GUI/Qt name: web.linux.tp5
00:03:07.935982          ERROR [COM]: aRC=VBOX_E_INVALID_VM_STATE (0x80bb0002) aIID={300763af-5d6b-46e6-aa96-273eac15538a} aComponent={MachineWrap} aText={The machine is not mutable (state is PoweredOff)}, preserve=false aResultDetail=0
00:03:14.639316          ERROR [COM]: aRC=VBOX_E_INVALID_VM_STATE (0x80bb0002) aIID={300763af-5d6b-46e6-aa96-273eac15538a} aComponent={MachineWrap} aText={The machine is not mutable (state is PoweredOff)}, preserve=false aResultDetail=0
00:03:15.185146          ERROR [COM]: aRC=VBOX_E_OBJECT_NOT_FOUND (0x80bb0001) aIID={70401eef-c8e9-466b-9660-45cb3e9979e4} aComponent={ExtPackManagerWrap} aText={No extension pack by the name 'Oracle VM VirtualBox Extension Pack' was found}, preserve=false aResultDetail=0
00:03:16.556651          ERROR [COM]: aRC=VBOX_E_IPRT_ERROR (0x80bb0005) aIID={300763af-5d6b-46e6-aa96-273eac15538a} aComponent={SessionMachine} aText={Saved screenshot data is not available (VERR_NOT_SUPPORTED)}, preserve=false aResultDetail=-37
00:03:17.092365          ERROR [COM]: aRC=VBOX_E_INVALID_VM_STATE (0x80bb0002) aIID={300763af-5d6b-46e6-aa96-273eac15538a} aComponent={SessionMachine} aText={The machine is not mutable or saved (state is Starting)}, preserve=false aResultDetail=0
00:03:17.092891          ERROR [COM]: aRC=VBOX_E_INVALID_VM_STATE (0x80bb0002) aIID={300763af-5d6b-46e6-aa96-273eac15538a} aComponent={MachineWrap} aText={The machine is not mutable (state is Starting)}, preserve=false aResultDetail=0
00:03:17.094919          Saving settings file "C:\Users\33604\VirtualBox VMs\web.linux.tp5\web.linux.tp5.vbox" with version "1.19-windows"
00:03:17.101194          Finished saving settings file "C:\Users\33604\VirtualBox VMs\web.linux.tp5\web.linux.tp5.vbox"
00:03:17.111247          ERROR [COM]: aRC=VBOX_E_INVALID_VM_STATE (0x80bb0002) aIID={300763af-5d6b-46e6-aa96-273eac15538a} aComponent={MachineWrap} aText={The machine is not mutable (state is Starting)}, preserve=false aResultDetail=0
00:03:17.598082          NetworkServiceRunning: started 'VBoxNetDHCP.exe', pid 0000e84c
00:03:19.075427          ERROR [COM]: aRC=VBOX_E_OBJECT_NOT_FOUND (0x80bb0001) aIID={ad47ad09-787b-44ab-b343-a082a3f2dfb1} aComponent={MediumWrap} aText={Property 'CRYPT/KeyId' does not exist}, preserve=false aResultDetail=0
00:03:19.117766          ERROR [COM]: aRC=VBOX_E_INVALID_VM_STATE (0x80bb0002) aIID={300763af-5d6b-46e6-aa96-273eac15538a} aComponent={MachineWrap} aText={The machine is not mutable (state is Running)}, preserve=false aResultDetail=0
00:03:21.949054          Saving settings file "C:\Users\33604\VirtualBox VMs\web.linux.tp5\web.linux.tp5.vbox" with version "1.19-windows"
00:03:21.954622          Finished saving settings file "C:\Users\33604\VirtualBox VMs\web.linux.tp5\web.linux.tp5.vbox"
00:03:21.963278          ERROR [COM]: aRC=VBOX_E_INVALID_VM_STATE (0x80bb0002) aIID={300763af-5d6b-46e6-aa96-273eac15538a} aComponent={MachineWrap} aText={The machine is not mutable (state is Running)}, preserve=false aResultDetail=0
00:03:35.011376          Saving settings file "C:\Users\33604\VirtualBox VMs\web.linux.tp5\web.linux.tp5.vbox" with version "1.19-windows"
00:03:35.016910          Finished saving settings file "C:\Users\33604\VirtualBox VMs\web.linux.tp5\web.linux.tp5.vbox"
00:03:35.026041          ERROR [COM]: aRC=VBOX_E_INVALID_VM_STATE (0x80bb0002) aIID={300763af-5d6b-46e6-aa96-273eac15538a} aComponent={MachineWrap} aText={The machine is not mutable (state is Running)}, preserve=false aResultDetail=0
00:03:53.731678          Saving settings file "C:\Users\33604\.VirtualBox\VirtualBox.xml" with version "1.12-windows"
00:03:53.736950          Finished saving settings file "C:\Users\33604\.VirtualBox\VirtualBox.xml"
00:03:53.753156          ERROR [COM]: aRC=VBOX_E_INVALID_VM_STATE (0x80bb0002) aIID={300763af-5d6b-46e6-aa96-273eac15538a} aComponent={MachineWrap} aText={The machine is not mutable (state is PoweredOff)}, preserve=false aResultDetail=0
00:03:53.886061          Launched VM: 691684240 pid: 80592 (0x13ad0) frontend: GUI/Qt name: db.linux.tp5
00:03:53.902765          ERROR [COM]: aRC=VBOX_E_INVALID_VM_STATE (0x80bb0002) aIID={300763af-5d6b-46e6-aa96-273eac15538a} aComponent={MachineWrap} aText={The machine is not mutable (state is PoweredOff)}, preserve=false aResultDetail=0
00:04:00.443747          ERROR [COM]: aRC=VBOX_E_INVALID_VM_STATE (0x80bb0002) aIID={300763af-5d6b-46e6-aa96-273eac15538a} aComponent={MachineWrap} aText={The machine is not mutable (state is PoweredOff)}, preserve=false aResultDetail=0
00:04:01.123840          ERROR [COM]: aRC=VBOX_E_OBJECT_NOT_FOUND (0x80bb0001) aIID={70401eef-c8e9-466b-9660-45cb3e9979e4} aComponent={ExtPackManagerWrap} aText={No extension pack by the name 'Oracle VM VirtualBox Extension Pack' was found}, preserve=false aResultDetail=0
00:04:02.608690          ERROR [COM]: aRC=VBOX_E_IPRT_ERROR (0x80bb0005) aIID={300763af-5d6b-46e6-aa96-273eac15538a} aComponent={SessionMachine} aText={Saved screenshot data is not available (VERR_NOT_SUPPORTED)}, preserve=false aResultDetail=-37
00:04:02.949081          ERROR [COM]: aRC=VBOX_E_INVALID_VM_STATE (0x80bb0002) aIID={300763af-5d6b-46e6-aa96-273eac15538a} aComponent={SessionMachine} aText={The machine is not mutable or saved (state is Starting)}, preserve=false aResultDetail=0
00:04:02.950197          ERROR [COM]: aRC=VBOX_E_INVALID_VM_STATE (0x80bb0002) aIID={300763af-5d6b-46e6-aa96-273eac15538a} aComponent={MachineWrap} aText={The machine is not mutable (state is Starting)}, preserve=false aResultDetail=0
00:04:02.951381          Saving settings file "C:\Users\33604\VirtualBox VMs\db.linux.tp5\db.linux.tp5.vbox" with version "1.19-windows"
00:04:02.958074          Finished saving settings file "C:\Users\33604\VirtualBox VMs\db.linux.tp5\db.linux.tp5.vbox"
00:04:02.968620          ERROR [COM]: aRC=VBOX_E_INVALID_VM_STATE (0x80bb0002) aIID={300763af-5d6b-46e6-aa96-273eac15538a} aComponent={MachineWrap} aText={The machine is not mutable (state is Starting)}, preserve=false aResultDetail=0
00:04:03.295246          ERROR [COM]: aRC=VBOX_E_OBJECT_IN_USE (0x80bb000c) aIID={cadef0a2-a1a9-4ac2-8e80-c049af69dac8} aComponent={DHCPServerWrap} aText={Cannot start DHCP server because it is already running (pid 0000e84c)}, preserve=false aResultDetail=-51
00:04:04.681560          ERROR [COM]: aRC=VBOX_E_OBJECT_NOT_FOUND (0x80bb0001) aIID={ad47ad09-787b-44ab-b343-a082a3f2dfb1} aComponent={MediumWrap} aText={Property 'CRYPT/KeyId' does not exist}, preserve=false aResultDetail=0
00:04:04.746586          ERROR [COM]: aRC=VBOX_E_INVALID_VM_STATE (0x80bb0002) aIID={300763af-5d6b-46e6-aa96-273eac15538a} aComponent={MachineWrap} aText={The machine is not mutable (state is Running)}, preserve=false aResultDetail=0
00:04:07.559452          Saving settings file "C:\Users\33604\VirtualBox VMs\db.linux.tp5\db.linux.tp5.vbox" with version "1.19-windows"
00:04:07.567396          Finished saving settings file "C:\Users\33604\VirtualBox VMs\db.linux.tp5\db.linux.tp5.vbox"
00:04:07.578522          ERROR [COM]: aRC=VBOX_E_INVALID_VM_STATE (0x80bb0002) aIID={300763af-5d6b-46e6-aa96-273eac15538a} aComponent={MachineWrap} aText={The machine is not mutable (state is Running)}, preserve=false aResultDetail=0
00:04:21.245808          Saving settings file "C:\Users\33604\VirtualBox VMs\db.linux.tp5\db.linux.tp5.vbox" with version "1.19-windows"
00:04:21.252699          Finished saving settings file "C:\Users\33604\VirtualBox VMs\db.linux.tp5\db.linux.tp5.vbox"
00:04:21.264690          ERROR [COM]: aRC=VBOX_E_INVALID_VM_STATE (0x80bb0002) aIID={300763af-5d6b-46e6-aa96-273eac15538a} aComponent={MachineWrap} aText={The machine is not mutable (state is Running)}, preserve=false aResultDetail=0
00:05:18.149403          Saving settings file "C:\Users\33604\VirtualBox VMs\db.linux.tp5\db.linux.tp5.vbox" with version "1.19-windows"
00:05:18.156076          Finished saving settings file "C:\Users\33604\VirtualBox VMs\db.linux.tp5\db.linux.tp5.vbox"
00:05:18.165732          ERROR [COM]: aRC=VBOX_E_INVALID_VM_STATE (0x80bb0002) aIID={300763af-5d6b-46e6-aa96-273eac15538a} aComponent={MachineWrap} aText={The machine is not mutable (state is Running)}, preserve=false aResultDetail=0
00:05:19.447372          Saving settings file "C:\Users\33604\VirtualBox VMs\web.linux.tp5\web.linux.tp5.vbox" with version "1.19-windows"
00:05:19.453718          Finished saving settings file "C:\Users\33604\VirtualBox VMs\web.linux.tp5\web.linux.tp5.vbox"
00:15:30.762012          Saving settings file "C:\Users\33604\VirtualBox VMs\web.linux.tp5\web.linux.tp5.vbox" with version "1.19-windows"
00:15:30.768363          Finished saving settings file "C:\Users\33604\VirtualBox VMs\web.linux.tp5\web.linux.tp5.vbox"
00:15:31.167595          Saving settings file "C:\Users\33604\VirtualBox VMs\web.linux.tp5\web.linux.tp5.vbox" with version "1.19-windows"
00:15:31.174020          Finished saving settings file "C:\Users\33604\VirtualBox VMs\web.linux.tp5\web.linux.tp5.vbox"
00:38:41.340875          Saving settings file "C:\Users\33604\VirtualBox VMs\web.linux.tp5\web.linux.tp5.vbox" with version "1.19-windows"
00:38:41.348084          Finished saving settings file "C:\Users\33604\VirtualBox VMs\web.linux.tp5\web.linux.tp5.vbox"
00:49:12.391729 USBPROXY usbLibGetDevices: Starting USB device enumeration
00:49:12.392338 USBPROXY Getting USB descriptor (id 0) failed (dwErr=31) on hub USB#ROOT_HUB30#5&8beff0b&0&0#{f18a0e88-c30c-11d0-8815-00a0c906bed8} port 4
00:49:12.394915 USBPROXY Getting USB descriptor (id 0) failed (dwErr=31) on hub USB#ROOT_HUB30#5&212e9e7d&0&0#{f18a0e88-c30c-11d0-8815-00a0c906bed8} port 1
00:49:12.409561 USBPROXY usbLibGetDevices: Found 3 USB devices, 0 captured
00:50:27.711596 USBPROXY usbLibGetDevices: Starting USB device enumeration
00:50:27.711899 USBPROXY Getting USB descriptor (id 0) failed (dwErr=31) on hub USB#ROOT_HUB30#5&8beff0b&0&0#{f18a0e88-c30c-11d0-8815-00a0c906bed8} port 4
00:50:27.712163 USBPROXY Getting USB descriptor (id 0) failed (dwErr=31) on hub USB#ROOT_HUB30#5&212e9e7d&0&0#{f18a0e88-c30c-11d0-8815-00a0c906bed8} port 1
00:50:27.720160 USBPROXY usbLibGetDevices: Found 3 USB devices, 0 captured
00:54:52.812852 USBPROXY usbLibGetDevices: Starting USB device enumeration
00:54:52.813151 USBPROXY Getting USB descriptor (id 0) failed (dwErr=31) on hub USB#ROOT_HUB30#5&8beff0b&0&0#{f18a0e88-c30c-11d0-8815-00a0c906bed8} port 4
00:54:52.813715 USBPROXY Getting USB descriptor (id 0) failed (dwErr=31) on hub USB#ROOT_HUB30#5&212e9e7d&0&0#{f18a0e88-c30c-11d0-8815-00a0c906bed8} port 1
00:54:52.822106 USBPROXY usbLibGetDevices: Found 3 USB devices, 0 captured
01:00:33.527973 USBPROXY usbLibGetDevices: Starting USB device enumeration
01:00:33.528276 USBPROXY Getting USB descriptor (id 0) failed (dwErr=31) on hub USB#ROOT_HUB30#5&8beff0b&0&0#{f18a0e88-c30c-11d0-8815-00a0c906bed8} port 4
01:00:33.528510 USBPROXY Getting USB descriptor (id 0) failed (dwErr=31) on hub USB#ROOT_HUB30#5&212e9e7d&0&0#{f18a0e88-c30c-11d0-8815-00a0c906bed8} port 1
01:00:33.536092 USBPROXY usbLibGetDevices: Found 3 USB devices, 0 captured
01:00:52.948274          Saving settings file "C:\Users\33604\VirtualBox VMs\web.linux.tp5\web.linux.tp5.vbox" with version "1.19-windows"
01:00:52.954370          Finished saving settings file "C:\Users\33604\VirtualBox VMs\web.linux.tp5\web.linux.tp5.vbox"
01:00:53.606707          Saving settings file "C:\Users\33604\VirtualBox VMs\web.linux.tp5\web.linux.tp5.vbox" with version "1.19-windows"
01:00:53.614475          Finished saving settings file "C:\Users\33604\VirtualBox VMs\web.linux.tp5\web.linux.tp5.vbox"
01:00:54.056402          Saving settings file "C:\Users\33604\VirtualBox VMs\web.linux.tp5\web.linux.tp5.vbox" with version "1.19-windows"
01:00:54.061672          Finished saving settings file "C:\Users\33604\VirtualBox VMs\web.linux.tp5\web.linux.tp5.vbox"
01:14:44.946784 USBPROXY usbLibGetDevices: Starting USB device enumeration
01:14:44.954521 USBPROXY Getting USB descriptor (id 0) failed (dwErr=31) on hub USB#ROOT_HUB30#5&8beff0b&0&0#{f18a0e88-c30c-11d0-8815-00a0c906bed8} port 4
01:14:44.975251 USBPROXY usbLibGetDevices: Found 3 USB devices, 0 captured
01:50:56.536196 USBPROXY usbLibGetDevices: Starting USB device enumeration
01:50:56.538302 USBPROXY Getting USB descriptor (id 0) failed (dwErr=31) on hub USB#ROOT_HUB30#5&8beff0b&0&0#{f18a0e88-c30c-11d0-8815-00a0c906bed8} port 4
01:50:56.539076 USBPROXY Getting USB descriptor (id 0) failed (dwErr=31) on hub USB#ROOT_HUB30#5&212e9e7d&0&0#{f18a0e88-c30c-11d0-8815-00a0c906bed8} port 1
01:50:56.547164 USBPROXY usbLibGetDevices: Found 3 USB devices, 0 captured
01:50:56.547887 USBPROXY USB: Unknown USB device detected (idVendor: 0x13d3, idProduct: 0x56a2)
02:36:02.304289          ERROR [COM]: aRC=VBOX_E_INVALID_VM_STATE (0x80bb0002) aIID={300763af-5d6b-46e6-aa96-273eac15538a} aComponent={MachineWrap} aText={The machine is not mutable (state is Running)}, preserve=false aResultDetail=0
02:36:03.543612          ERROR [COM]: aRC=VBOX_E_INVALID_VM_STATE (0x80bb0002) aIID={300763af-5d6b-46e6-aa96-273eac15538a} aComponent={MachineWrap} aText={The machine is not mutable (state is Running)}, preserve=false aResultDetail=0
02:36:03.589072          Saving settings file "C:\Users\33604\VirtualBox VMs\web.linux.tp5\web.linux.tp5.vbox" with version "1.19-windows"
02:36:03.595096          Finished saving settings file "C:\Users\33604\VirtualBox VMs\web.linux.tp5\web.linux.tp5.vbox"
02:36:03.609907          ERROR [COM]: aRC=VBOX_E_INVALID_VM_STATE (0x80bb0002) aIID={300763af-5d6b-46e6-aa96-273eac15538a} aComponent={MachineWrap} aText={The machine is not mutable (state is Running)}, preserve=false aResultDetail=0
02:36:06.373601          ERROR [COM]: aRC=VBOX_E_INVALID_VM_STATE (0x80bb0002) aIID={300763af-5d6b-46e6-aa96-273eac15538a} aComponent={MachineWrap} aText={The machine is not mutable (state is Paused)}, preserve=false aResultDetail=0
02:36:07.611754          ERROR [COM]: aRC=VBOX_E_INVALID_VM_STATE (0x80bb0002) aIID={300763af-5d6b-46e6-aa96-273eac15538a} aComponent={MachineWrap} aText={The machine is not mutable (state is Stopping)}, preserve=false aResultDetail=0
02:36:07.644378          Saving settings file "C:\Users\33604\VirtualBox VMs\db.linux.tp5\db.linux.tp5.vbox" with version "1.19-windows"
02:36:07.677044          Finished saving settings file "C:\Users\33604\VirtualBox VMs\db.linux.tp5\db.linux.tp5.vbox"
02:36:07.689411          ERROR [COM]: aRC=VBOX_E_INVALID_VM_STATE (0x80bb0002) aIID={300763af-5d6b-46e6-aa96-273eac15538a} aComponent={MachineWrap} aText={The machine is not mutable (state is PoweredOff)}, preserve=false aResultDetail=0
02:36:09.189402          ERROR [COM]: aRC=VBOX_E_INVALID_VM_STATE (0x80bb0002) aIID={300763af-5d6b-46e6-aa96-273eac15538a} aComponent={MachineWrap} aText={The machine is not mutable (state is PoweredOff)}, preserve=false aResultDetail=0
02:40:26.612164 main     VirtualBox: object deletion starts
02:40:26.612366 main     ERROR [COM]: aRC=VBOX_E_OBJECT_IN_USE (0x80bb000c) aIID={ad47ad09-787b-44ab-b343-a082a3f2dfb1} aComponent={MediumWrap} aText={Medium 'C:\Users\33604\VirtualBox VMs\web.linux.tp5\web.linux.tp5-disk1.vdi' cannot be closed because it is still attached to 1 virtual machines}, preserve=false aResultDetail=0
02:40:26.616053 main     ERROR [COM]: aRC=VBOX_E_OBJECT_IN_USE (0x80bb000c) aIID={ad47ad09-787b-44ab-b343-a082a3f2dfb1} aComponent={MediumWrap} aText={Medium 'C:\Users\33604\VirtualBox VMs\db.linux.tp5\db.linux.tp5-disk1.vdi' cannot be closed because it is still attached to 1 virtual machines}, preserve=false aResultDetail=0
02:40:26.616822 main     ERROR [COM]: aRC=VBOX_E_OBJECT_IN_USE (0x80bb000c) aIID={ad47ad09-787b-44ab-b343-a082a3f2dfb1} aComponent={MediumWrap} aText={Medium 'C:\Users\33604\VirtualBox VMs\VMorigin\Clone de VMorigin.vdi' cannot be closed because it is still attached to 1 virtual machines}, preserve=false aResultDetail=0
02:40:26.618274 main     NetworkServiceRunning: killing VBoxNetDHCP.exe, pid 0000e84c...
02:40:26.628953 main     HostDnsMonitor: shutting down ...
02:40:26.629243 main     HostDnsMonitor: shut down
02:40:26.632543 Watcher  ERROR [COM]: aRC=E_ACCESSDENIED (0x80070005) aIID={7682d5eb-f00e-44f1-8ca2-99d08b1cd607} aComponent={VirtualBoxWrap} aText={The object is not ready}, preserve=false aResultDetail=0
02:40:26.633154 main     VirtualBox: object deleted
